#
# There is insufficient memory for the Java Runtime Environment to continue.
# Native memory allocation (malloc) failed to allocate 861936 bytes for Chunk::new
# Possible reasons:
#   The system is out of physical RAM or swap space
#   The process is running with CompressedOops enabled, and the Java Heap may be blocking the growth of the native heap
# Possible solutions:
#   Reduce memory load on the system
#   Increase physical memory or swap space
#   Check if swap backing store is full
#   Decrease Java heap size (-Xmx/-Xms)
#   Decrease number of Java threads
#   Decrease Java thread stack sizes (-Xss)
#   Set larger code cache with -XX:ReservedCodeCacheSize=
#   JVM is running with Unscaled Compressed Oops mode in which the Java heap is
#     placed in the first 4GB address space. The Java Heap base address is the
#     maximum limit for the native heap growth. Please use -XX:HeapBaseMinAddress
#     to set the Java Heap base and to place the Java Heap above 4GB virtual address.
# This output file may be truncated or incomplete.
#
#  Out of Memory Error (allocation.cpp:390), pid=14012, tid=0x0000000000004ea8
#
# JRE version: Java(TM) SE Runtime Environment (8.0_201-b09) (build 1.8.0_201-b09)
# Java VM: Java HotSpot(TM) 64-Bit Server VM (25.201-b09 mixed mode windows-amd64 compressed oops)
# Failed to write core dump. Minidumps are not enabled by default on client versions of Windows
#

---------------  T H R E A D  ---------------

Current thread (0x000000001930b000):  JavaThread "C2 CompilerThread0" daemon [_thread_in_native, id=20136, stack(0x0000000019be0000,0x0000000019ce0000)]

Stack: [0x0000000019be0000,0x0000000019ce0000]
[error occurred during error reporting (printing stack bounds), id 0xc0000005]

Native frames: (J=compiled Java code, j=interpreted, Vv=VM code, C=native code)


Current CompileTask:
C2:  97857 5430   !   4       org.springframework.core.annotation.AnnotationUtils::getAnnotatedMethodsInBaseType (163 bytes)


---------------  P R O C E S S  ---------------

Java Threads: ( => current thread )
  0x000000001cd2a800 JavaThread "Live Reload Server" daemon [_thread_in_native, id=8588, stack(0x0000000024b10000,0x0000000024c10000)]
  0x000000001a3ad800 JavaThread "HikariPool-1 housekeeper" daemon [_thread_blocked, id=8492, stack(0x0000000024010000,0x0000000024110000)]
  0x0000000022d95800 JavaThread "Abandoned connection cleanup thread" daemon [_thread_blocked, id=17148, stack(0x0000000023e10000,0x0000000023f10000)]
  0x000000001ddb2000 JavaThread "container-0" [_thread_blocked, id=11976, stack(0x0000000023b10000,0x0000000023c10000)]
  0x00000000215f1800 JavaThread "ContainerBackgroundProcessor[StandardEngine[Tomcat]]" daemon [_thread_blocked, id=19772, stack(0x0000000023a10000,0x0000000023b10000)]
  0x000000001f55e800 JavaThread "restartedMain" [_thread_in_vm, id=19960, stack(0x000000001ea40000,0x000000001eb40000)]
  0x000000001b85c800 JavaThread "Thread-0" [_thread_blocked, id=11256, stack(0x000000001b200000,0x000000001b300000)]
  0x0000000019447000 JavaThread "Service Thread" daemon [_thread_blocked, id=8000, stack(0x0000000019ee0000,0x0000000019fe0000)]
  0x0000000019433800 JavaThread "C1 CompilerThread2" daemon [_thread_in_native, id=19376, stack(0x0000000019de0000,0x0000000019ee0000)]
  0x0000000019498800 JavaThread "C2 CompilerThread1" daemon [_thread_in_native, id=13964, stack(0x0000000019ce0000,0x0000000019de0000)]
=>0x000000001930b000 JavaThread "C2 CompilerThread0" daemon [_thread_in_native, id=20136, stack(0x0000000019be0000,0x0000000019ce0000)]
  0x000000001725f000 JavaThread "JDWP Command Reader" daemon [_thread_in_native, id=14552, stack(0x0000000018ee0000,0x0000000018fe0000)]
  0x000000001725d800 JavaThread "JDWP Event Helper Thread" daemon [_thread_blocked, id=7400, stack(0x0000000018de0000,0x0000000018ee0000)]
  0x000000001724f800 JavaThread "JDWP Transport Listener: dt_socket" daemon [_thread_blocked, id=14644, stack(0x0000000018ce0000,0x0000000018de0000)]
  0x0000000017247000 JavaThread "Attach Listener" daemon [_thread_blocked, id=18836, stack(0x00000000187a0000,0x00000000188a0000)]
  0x0000000017245800 JavaThread "Signal Dispatcher" daemon [_thread_blocked, id=12020, stack(0x00000000186a0000,0x00000000187a0000)]
  0x0000000017230000 JavaThread "Finalizer" daemon [_thread_blocked, id=8064, stack(0x0000000018490000,0x0000000018590000)]
  0x0000000017209000 JavaThread "Reference Handler" daemon [_thread_blocked, id=11368, stack(0x0000000018390000,0x0000000018490000)]
  0x0000000002426800 JavaThread "main" [_thread_blocked, id=4084, stack(0x0000000002320000,0x0000000002420000)]

Other Threads:
  0x0000000017207000 VMThread [stack: 0x0000000018290000,0x0000000018390000] [id=3040]
  0x0000000019423000 WatcherThread [stack: 0x0000000019fe0000,0x000000001a0e0000] [id=18964]

VM state:not at safepoint (normal execution)

VM Mutex/Monitor currently owned by a thread: None

heap address: 0x0000000081600000, size: 2026 MB, Compressed Oops mode: 32-bit
Narrow klass base: 0x0000000000000000, Narrow klass shift: 3
Compressed class space size: 1073741824 Address: 0x0000000100000000

Heap:
 PSYoungGen      total 302592K, used 18942K [0x00000000d5d00000, 0x00000000eec80000, 0x0000000100000000)
  eden space 287232K, 6% used [0x00000000d5d00000,0x00000000d6f7f8b8,0x00000000e7580000)
  from space 15360K, 0% used [0x00000000e7580000,0x00000000e7580000,0x00000000e8480000)
  to   space 20480K, 0% used [0x00000000ed880000,0x00000000ed880000,0x00000000eec80000)
 ParOldGen       total 81408K, used 38157K [0x0000000081600000, 0x0000000086580000, 0x00000000d5d00000)
  object space 81408K, 46% used [0x0000000081600000,0x0000000083b436f8,0x0000000086580000)
 Metaspace       used 56662K, capacity 59008K, committed 59284K, reserved 1099776K
  class space    used 7638K, capacity 8082K, committed 8152K, reserved 1048576K

Card table byte_map: [0x0000000011aa0000,0x0000000011ea0000] byte_map_base: 0x0000000011695000

Marking Bits: (ParMarkBitMap*) 0x0000000056e44ce0
 Begin Bits: [0x0000000012550000, 0x00000000144f8000)
 End Bits:   [0x00000000144f8000, 0x00000000164a0000)

Polling page: 0x0000000000860000

CodeCache: size=245760Kb used=19759Kb max_used=19770Kb free=226000Kb
 bounds [0x00000000026e0000, 0x0000000003a50000, 0x00000000116e0000]
 total_blobs=5194 nmethods=4663 adapters=448
 compilation: enabled

Compilation events (10 events):
Event: 97.553 Thread 0x0000000019433800 5426       3       java.lang.reflect.WeakCache$LookupValue::hashCode (8 bytes)
Event: 97.553 Thread 0x0000000019433800 nmethod 5426 0x0000000003a3ccd0 code [0x0000000003a3ce40, 0x0000000003a3cfc8]
Event: 97.554 Thread 0x0000000019433800 5427       3       java.lang.reflect.WeakCache$LookupValue::equals (34 bytes)
Event: 97.554 Thread 0x0000000019433800 nmethod 5427 0x0000000003a3d050 code [0x0000000003a3d1e0, 0x0000000003a3d6e8]
Event: 97.555 Thread 0x0000000019433800 5428   !   3       com.sun.proxy.$Proxy1::hashCode (32 bytes)
Event: 97.555 Thread 0x0000000019433800 nmethod 5428 0x0000000003a3d7d0 code [0x0000000003a3d980, 0x0000000003a3deb8]
Event: 97.555 Thread 0x0000000019433800 5429       3       org.springframework.beans.factory.support.DefaultListableBeanFactory::findAnnotationOnBean (75 bytes)
Event: 97.556 Thread 0x0000000019433800 nmethod 5429 0x0000000003a3e110 code [0x0000000003a3e340, 0x0000000003a3efc8]
Event: 97.559 Thread 0x000000001930b000 nmethod 5423 0x0000000003a424d0 code [0x0000000003a42640, 0x0000000003a42a28]
Event: 97.559 Thread 0x000000001930b000 5430   !   4       org.springframework.core.annotation.AnnotationUtils::getAnnotatedMethodsInBaseType (163 bytes)

GC Heap History (10 events):
Event: 42.779 GC heap before
{Heap before GC invocations=10 (full 1):
 PSYoungGen      total 224768K, used 82407K [0x00000000d5d00000, 0x00000000e4800000, 0x0000000100000000)
  eden space 215040K, 33% used [0x00000000d5d00000,0x00000000da3ff388,0x00000000e2f00000)
  from space 9728K, 99% used [0x00000000e3e80000,0x00000000e47fa878,0x00000000e4800000)
  to   space 12288K, 0% used [0x00000000e3000000,0x00000000e3000000,0x00000000e3c00000)
 ParOldGen       total 51712K, used 9452K [0x0000000081600000, 0x0000000084880000, 0x00000000d5d00000)
  object space 51712K, 18% used [0x0000000081600000,0x0000000081f3b100,0x0000000084880000)
 Metaspace       used 33719K, capacity 35278K, committed 35416K, reserved 1079296K
  class space    used 4327K, capacity 4615K, committed 4696K, reserved 1048576K
Event: 42.819 GC heap after
Heap after GC invocations=10 (full 1):
 PSYoungGen      total 228352K, used 12256K [0x00000000d5d00000, 0x00000000e9600000, 0x0000000100000000)
  eden space 216064K, 0% used [0x00000000d5d00000,0x00000000d5d00000,0x00000000e3000000)
  from space 12288K, 99% used [0x00000000e3000000,0x00000000e3bf8308,0x00000000e3c00000)
  to   space 14336K, 0% used [0x00000000e8800000,0x00000000e8800000,0x00000000e9600000)
 ParOldGen       total 51712K, used 10841K [0x0000000081600000, 0x0000000084880000, 0x00000000d5d00000)
  object space 51712K, 20% used [0x0000000081600000,0x00000000820965d8,0x0000000084880000)
 Metaspace       used 33719K, capacity 35278K, committed 35416K, reserved 1079296K
  class space    used 4327K, capacity 4615K, committed 4696K, reserved 1048576K
}
Event: 42.820 GC heap before
{Heap before GC invocations=11 (full 2):
 PSYoungGen      total 228352K, used 12256K [0x00000000d5d00000, 0x00000000e9600000, 0x0000000100000000)
  eden space 216064K, 0% used [0x00000000d5d00000,0x00000000d5d00000,0x00000000e3000000)
  from space 12288K, 99% used [0x00000000e3000000,0x00000000e3bf8308,0x00000000e3c00000)
  to   space 14336K, 0% used [0x00000000e8800000,0x00000000e8800000,0x00000000e9600000)
 ParOldGen       total 51712K, used 10841K [0x0000000081600000, 0x0000000084880000, 0x00000000d5d00000)
  object space 51712K, 20% used [0x0000000081600000,0x00000000820965d8,0x0000000084880000)
 Metaspace       used 33719K, capacity 35278K, committed 35416K, reserved 1079296K
  class space    used 4327K, capacity 4615K, committed 4696K, reserved 1048576K
Event: 43.000 GC heap after
Heap after GC invocations=11 (full 2):
 PSYoungGen      total 228352K, used 0K [0x00000000d5d00000, 0x00000000e9600000, 0x0000000100000000)
  eden space 216064K, 0% used [0x00000000d5d00000,0x00000000d5d00000,0x00000000e3000000)
  from space 12288K, 0% used [0x00000000e3000000,0x00000000e3000000,0x00000000e3c00000)
  to   space 14336K, 0% used [0x00000000e8800000,0x00000000e8800000,0x00000000e9600000)
 ParOldGen       total 81408K, used 18478K [0x0000000081600000, 0x0000000086580000, 0x00000000d5d00000)
  object space 81408K, 22% used [0x0000000081600000,0x000000008280b9e8,0x0000000086580000)
 Metaspace       used 33719K, capacity 35278K, committed 35416K, reserved 1079296K
  class space    used 4327K, capacity 4615K, committed 4696K, reserved 1048576K
}
Event: 59.323 GC heap before
{Heap before GC invocations=12 (full 2):
 PSYoungGen      total 228352K, used 216064K [0x00000000d5d00000, 0x00000000e9600000, 0x0000000100000000)
  eden space 216064K, 100% used [0x00000000d5d00000,0x00000000e3000000,0x00000000e3000000)
  from space 12288K, 0% used [0x00000000e3000000,0x00000000e3000000,0x00000000e3c00000)
  to   space 14336K, 0% used [0x00000000e8800000,0x00000000e8800000,0x00000000e9600000)
 ParOldGen       total 81408K, used 18478K [0x0000000081600000, 0x0000000086580000, 0x00000000d5d00000)
  object space 81408K, 22% used [0x0000000081600000,0x000000008280b9e8,0x0000000086580000)
 Metaspace       used 41546K, capacity 43350K, committed 43480K, reserved 1087488K
  class space    used 5171K, capacity 5513K, committed 5592K, reserved 1048576K
Event: 59.352 GC heap after
Heap after GC invocations=12 (full 2):
 PSYoungGen      total 296960K, used 11702K [0x00000000d5d00000, 0x00000000e9380000, 0x0000000100000000)
  eden space 285184K, 0% used [0x00000000d5d00000,0x00000000d5d00000,0x00000000e7380000)
  from space 11776K, 99% used [0x00000000e8800000,0x00000000e936da40,0x00000000e9380000)
  to   space 15360K, 0% used [0x00000000e7580000,0x00000000e7580000,0x00000000e8480000)
 ParOldGen       total 81408K, used 18486K [0x0000000081600000, 0x0000000086580000, 0x00000000d5d00000)
  object space 81408K, 22% used [0x0000000081600000,0x000000008280d9e8,0x0000000086580000)
 Metaspace       used 41546K, capacity 43350K, committed 43480K, reserved 1087488K
  class space    used 5171K, capacity 5513K, committed 5592K, reserved 1048576K
}
Event: 96.167 GC heap before
{Heap before GC invocations=13 (full 2):
 PSYoungGen      total 296960K, used 271286K [0x00000000d5d00000, 0x00000000e9380000, 0x0000000100000000)
  eden space 285184K, 91% used [0x00000000d5d00000,0x00000000e5a7ff78,0x00000000e7380000)
  from space 11776K, 99% used [0x00000000e8800000,0x00000000e936da40,0x00000000e9380000)
  to   space 15360K, 0% used [0x00000000e7580000,0x00000000e7580000,0x00000000e8480000)
 ParOldGen       total 81408K, used 18486K [0x0000000081600000, 0x0000000086580000, 0x00000000d5d00000)
  object space 81408K, 22% used [0x0000000081600000,0x000000008280d9e8,0x0000000086580000)
 Metaspace       used 56558K, capacity 58886K, committed 59028K, reserved 1099776K
  class space    used 7604K, capacity 8045K, committed 8152K, reserved 1048576K
Event: 96.263 GC heap after
Heap after GC invocations=13 (full 2):
 PSYoungGen      total 302592K, used 15350K [0x00000000d5d00000, 0x00000000eec80000, 0x0000000100000000)
  eden space 287232K, 0% used [0x00000000d5d00000,0x00000000d5d00000,0x00000000e7580000)
  from space 15360K, 99% used [0x00000000e7580000,0x00000000e847dbf8,0x00000000e8480000)
  to   space 20480K, 0% used [0x00000000ed880000,0x00000000ed880000,0x00000000eec80000)
 ParOldGen       total 81408K, used 26125K [0x0000000081600000, 0x0000000086580000, 0x00000000d5d00000)
  object space 81408K, 32% used [0x0000000081600000,0x0000000082f83448,0x0000000086580000)
 Metaspace       used 56558K, capacity 58886K, committed 59028K, reserved 1099776K
  class space    used 7604K, capacity 8045K, committed 8152K, reserved 1048576K
}
Event: 96.263 GC heap before
{Heap before GC invocations=14 (full 3):
 PSYoungGen      total 302592K, used 15350K [0x00000000d5d00000, 0x00000000eec80000, 0x0000000100000000)
  eden space 287232K, 0% used [0x00000000d5d00000,0x00000000d5d00000,0x00000000e7580000)
  from space 15360K, 99% used [0x00000000e7580000,0x00000000e847dbf8,0x00000000e8480000)
  to   space 20480K, 0% used [0x00000000ed880000,0x00000000ed880000,0x00000000eec80000)
 ParOldGen       total 81408K, used 26125K [0x0000000081600000, 0x0000000086580000, 0x00000000d5d00000)
  object space 81408K, 32% used [0x0000000081600000,0x0000000082f83448,0x0000000086580000)
 Metaspace       used 56558K, capacity 58886K, committed 59028K, reserved 1099776K
  class space    used 7604K, capacity 8045K, committed 8152K, reserved 1048576K
Event: 96.784 GC heap after
Heap after GC invocations=14 (full 3):
 PSYoungGen      total 302592K, used 0K [0x00000000d5d00000, 0x00000000eec80000, 0x0000000100000000)
  eden space 287232K, 0% used [0x00000000d5d00000,0x00000000d5d00000,0x00000000e7580000)
  from space 15360K, 0% used [0x00000000e7580000,0x00000000e7580000,0x00000000e8480000)
  to   space 20480K, 0% used [0x00000000ed880000,0x00000000ed880000,0x00000000eec80000)
 ParOldGen       total 81408K, used 38157K [0x0000000081600000, 0x0000000086580000, 0x00000000d5d00000)
  object space 81408K, 46% used [0x0000000081600000,0x0000000083b436f8,0x0000000086580000)
 Metaspace       used 56558K, capacity 58886K, committed 59028K, reserved 1099776K
  class space    used 7604K, capacity 8045K, committed 8152K, reserved 1048576K
}

Deoptimization events (10 events):
Event: 97.571 Thread 0x000000001f55e800 Uncommon trap: reason=unhandled action=none pc=0x00000000028c2cd4 method=java.net.URLClassLoader.findClass(Ljava/lang/String;)Ljava/lang/Class; @ 44
Event: 97.572 Thread 0x000000001f55e800 Uncommon trap: reason=unhandled action=none pc=0x00000000028c2cd4 method=java.net.URLClassLoader.findClass(Ljava/lang/String;)Ljava/lang/Class; @ 44
Event: 97.597 Thread 0x000000001f55e800 Uncommon trap: reason=unhandled action=none pc=0x00000000028c2cd4 method=java.net.URLClassLoader.findClass(Ljava/lang/String;)Ljava/lang/Class; @ 44
Event: 97.638 Thread 0x000000001f55e800 Uncommon trap: reason=unhandled action=none pc=0x00000000028c2cd4 method=java.net.URLClassLoader.findClass(Ljava/lang/String;)Ljava/lang/Class; @ 44
Event: 97.639 Thread 0x000000001f55e800 Uncommon trap: reason=unhandled action=none pc=0x00000000028c2cd4 method=java.net.URLClassLoader.findClass(Ljava/lang/String;)Ljava/lang/Class; @ 44
Event: 97.640 Thread 0x000000001f55e800 Uncommon trap: reason=unhandled action=none pc=0x00000000028c2cd4 method=java.net.URLClassLoader.findClass(Ljava/lang/String;)Ljava/lang/Class; @ 44
Event: 97.641 Thread 0x000000001f55e800 Uncommon trap: reason=unhandled action=none pc=0x00000000028c2cd4 method=java.net.URLClassLoader.findClass(Ljava/lang/String;)Ljava/lang/Class; @ 44
Event: 97.642 Thread 0x000000001f55e800 Uncommon trap: reason=unhandled action=none pc=0x00000000028c2cd4 method=java.net.URLClassLoader.findClass(Ljava/lang/String;)Ljava/lang/Class; @ 44
Event: 97.688 Thread 0x000000001f55e800 Uncommon trap: reason=unhandled action=none pc=0x00000000028c2cd4 method=java.net.URLClassLoader.findClass(Ljava/lang/String;)Ljava/lang/Class; @ 44
Event: 97.689 Thread 0x000000001f55e800 Uncommon trap: reason=unhandled action=none pc=0x00000000028c2cd4 method=java.net.URLClassLoader.findClass(Ljava/lang/String;)Ljava/lang/Class; @ 44

Classes redefined (0 events):
No events

Internal exceptions (10 events):
Event: 97.504 Thread 0x000000001f55e800 Exception <a 'java/lang/ClassNotFoundException': org/springframework/beans/factory/BeanFactoryAwareCustomizer> (0x00000000d690c110) thrown at [C:\re\workspace\8-2-build-windows-amd64-cygwin\jdk8u201\12322\hotspot\src\share\vm\classfile\systemDictionary.cp
Event: 97.523 Thread 0x000000001f55e800 Exception <a 'java/lang/ClassNotFoundException': org/springframework/beans/factory/AwareCustomizer> (0x00000000d69212a8) thrown at [C:\re\workspace\8-2-build-windows-amd64-cygwin\jdk8u201\12322\hotspot\src\share\vm\classfile\systemDictionary.cpp, line 210
Event: 97.536 Thread 0x000000001f55e800 Exception <a 'java/lang/ClassNotFoundException': org/springframework/boot/jackson/JsonComponentModuleBeanInfo> (0x00000000d6a10228) thrown at [C:\re\workspace\8-2-build-windows-amd64-cygwin\jdk8u201\12322\hotspot\src\share\vm\classfile\systemDictionary.cp
Event: 97.538 Thread 0x000000001f55e800 Exception <a 'java/lang/ClassNotFoundException': org/springframework/boot/jackson/JsonComponentModuleCustomizer> (0x00000000d6a25d98) thrown at [C:\re\workspace\8-2-build-windows-amd64-cygwin\jdk8u201\12322\hotspot\src\share\vm\classfile\systemDictionary.
Event: 97.540 Thread 0x000000001f55e800 Exception <a 'java/lang/ClassNotFoundException': org/springframework/beans/factory/BeanFactoryAwareCustomizer> (0x00000000d6a53ac8) thrown at [C:\re\workspace\8-2-build-windows-amd64-cygwin\jdk8u201\12322\hotspot\src\share\vm\classfile\systemDictionary.cp
Event: 97.544 Thread 0x000000001f55e800 Exception <a 'java/lang/ClassNotFoundException': org/springframework/beans/factory/AwareCustomizer> (0x00000000d6a680f0) thrown at [C:\re\workspace\8-2-build-windows-amd64-cygwin\jdk8u201\12322\hotspot\src\share\vm\classfile\systemDictionary.cpp, line 210
Event: 97.546 Thread 0x000000001f55e800 Exception <a 'java/lang/ClassNotFoundException': com/fasterxml/jackson/core/VersionedCustomizer> (0x00000000d6a7a6c0) thrown at [C:\re\workspace\8-2-build-windows-amd64-cygwin\jdk8u201\12322\hotspot\src\share\vm\classfile\systemDictionary.cpp, line 210]
Event: 97.563 Thread 0x000000001f55e800 Exception <a 'java/lang/ClassNotFoundException': java/lang/ObjectCustomizer> (0x00000000d6b0d450) thrown at [C:\re\workspace\8-2-build-windows-amd64-cygwin\jdk8u201\12322\hotspot\src\share\vm\classfile\systemDictionary.cpp, line 210]
Event: 97.569 Thread 0x000000001f55e800 Exception <a 'java/lang/ClassNotFoundException': org/springframework/data/web/config/SpringDataJacksonConfigurationCustomizer> (0x00000000d6b2ad88) thrown at [C:\re\workspace\8-2-build-windows-amd64-cygwin\jdk8u201\12322\hotspot\src\share\vm\classfile\sys
Event: 97.571 Thread 0x000000001f55e800 Exception <a 'java/lang/ClassNotFoundException': org/springframework/data/web/config/SpringDataJacksonModulesCustomizer> (0x00000000d6b457b0) thrown at [C:\re\workspace\8-2-build-windows-amd64-cygwin\jdk8u201\12322\hotspot\src\share\vm\classfile\systemDic

Events (10 events):
Event: 97.688 Thread 0x000000001f55e800 DEOPT UNPACKING pc=0x000000000272583b sp=0x000000001eb376f8 mode 2
Event: 97.688 Thread 0x000000001f55e800 DEOPT PACKING pc=0x00000000038c695c sp=0x000000001eb377a0
Event: 97.688 Thread 0x000000001f55e800 DEOPT UNPACKING pc=0x0000000002727890 sp=0x000000001eb37470 mode 1
Event: 97.689 loading class org/springframework/data/geo/GeoModule$CircleMixin
Event: 97.689 loading class org/springframework/data/geo/GeoModule$CircleMixin done
Event: 97.689 Thread 0x000000001f55e800 Uncommon trap: trap_request=0xffffffa7 fr.pc=0x00000000028c2cd4
Event: 97.689 Thread 0x000000001f55e800 DEOPT PACKING pc=0x00000000028c2cd4 sp=0x000000001eb37750
Event: 97.689 Thread 0x000000001f55e800 DEOPT UNPACKING pc=0x000000000272583b sp=0x000000001eb376e8 mode 2
Event: 97.689 Thread 0x000000001f55e800 DEOPT PACKING pc=0x00000000038c695c sp=0x000000001eb37790
Event: 97.689 Thread 0x000000001f55e800 DEOPT UNPACKING pc=0x0000000002727890 sp=0x000000001eb37460 mode 1


Dynamic libraries:
0x00007ff767aa0000 - 0x00007ff767ad7000 	C:\Program Files\Java\jre1.8.0_201\bin\javaw.exe
0x00007ffdcd7a0000 - 0x00007ffdcd981000 	C:\WINDOWS\SYSTEM32\ntdll.dll
0x00007ffdcad10000 - 0x00007ffdcadc2000 	C:\WINDOWS\System32\KERNEL32.DLL
0x00007ffdca640000 - 0x00007ffdca8b3000 	C:\WINDOWS\System32\KERNELBASE.dll
0x00007ffdcac30000 - 0x00007ffdcacd1000 	C:\WINDOWS\System32\ADVAPI32.dll
0x00007ffdcd380000 - 0x00007ffdcd41e000 	C:\WINDOWS\System32\msvcrt.dll
0x00007ffdcae70000 - 0x00007ffdcaecb000 	C:\WINDOWS\System32\sechost.dll
0x00007ffdcbbd0000 - 0x00007ffdcbcf4000 	C:\WINDOWS\System32\RPCRT4.dll
0x00007ffdcd510000 - 0x00007ffdcd6a0000 	C:\WINDOWS\System32\USER32.dll
0x00007ffdcac10000 - 0x00007ffdcac30000 	C:\WINDOWS\System32\win32u.dll
0x00007ffdcb730000 - 0x00007ffdcb758000 	C:\WINDOWS\System32\GDI32.dll
0x00007ffdca920000 - 0x00007ffdcaab2000 	C:\WINDOWS\System32\gdi32full.dll
0x00007ffdca5a0000 - 0x00007ffdca63f000 	C:\WINDOWS\System32\msvcp_win.dll
0x00007ffdcaac0000 - 0x00007ffdcabba000 	C:\WINDOWS\System32\ucrtbase.dll
0x00007ffdb8e30000 - 0x00007ffdb9099000 	C:\WINDOWS\WinSxS\amd64_microsoft.windows.common-controls_6595b64144ccf1df_6.0.17134.285_none_fb4297e330656775\COMCTL32.dll
0x00007ffdcb400000 - 0x00007ffdcb723000 	C:\WINDOWS\System32\combase.dll
0x00007ffdc9b70000 - 0x00007ffdc9bea000 	C:\WINDOWS\System32\bcryptPrimitives.dll
0x00007ffdcace0000 - 0x00007ffdcad0d000 	C:\WINDOWS\System32\IMM32.DLL
0x0000000058160000 - 0x0000000058231000 	C:\Program Files\Java\jre1.8.0_201\bin\msvcr100.dll
0x0000000056620000 - 0x0000000056ec4000 	C:\Program Files\Java\jre1.8.0_201\bin\server\jvm.dll
0x00007ffdcaed0000 - 0x00007ffdcaed8000 	C:\WINDOWS\System32\PSAPI.DLL
0x00007ffdbe750000 - 0x00007ffdbe759000 	C:\WINDOWS\SYSTEM32\WSOCK32.dll
0x00007ffdcd700000 - 0x00007ffdcd76c000 	C:\WINDOWS\System32\WS2_32.dll
0x00007ffdc79b0000 - 0x00007ffdc79d3000 	C:\WINDOWS\SYSTEM32\WINMM.dll
0x00007ffdbec40000 - 0x00007ffdbec4a000 	C:\WINDOWS\SYSTEM32\VERSION.dll
0x00007ffdc7980000 - 0x00007ffdc79aa000 	C:\WINDOWS\SYSTEM32\winmmbase.dll
0x00007ffdcabc0000 - 0x00007ffdcac09000 	C:\WINDOWS\System32\cfgmgr32.dll
0x00007ffdc5490000 - 0x00007ffdc549f000 	C:\Program Files\Java\jre1.8.0_201\bin\verify.dll
0x00007ffdb4810000 - 0x00007ffdb4839000 	C:\Program Files\Java\jre1.8.0_201\bin\java.dll
0x00007ffdb6430000 - 0x00007ffdb6465000 	C:\Program Files\Java\jre1.8.0_201\bin\jdwp.dll
0x00007ffdbbb60000 - 0x00007ffdbbb68000 	C:\Program Files\Java\jre1.8.0_201\bin\npt.dll
0x00007ffda4aa0000 - 0x00007ffda4ac3000 	C:\Program Files\Java\jre1.8.0_201\bin\instrument.dll
0x00007ffdb63d0000 - 0x00007ffdb63e6000 	C:\Program Files\Java\jre1.8.0_201\bin\zip.dll
0x00007ffdcbe80000 - 0x00007ffdcd2c0000 	C:\WINDOWS\System32\SHELL32.dll
0x00007ffdcd2d0000 - 0x00007ffdcd379000 	C:\WINDOWS\System32\shcore.dll
0x00007ffdc9e90000 - 0x00007ffdca59d000 	C:\WINDOWS\System32\windows.storage.dll
0x00007ffdcb3a0000 - 0x00007ffdcb3f1000 	C:\WINDOWS\System32\shlwapi.dll
0x00007ffdc9b10000 - 0x00007ffdc9b21000 	C:\WINDOWS\System32\kernel.appcore.dll
0x00007ffdc9b50000 - 0x00007ffdc9b6f000 	C:\WINDOWS\System32\profapi.dll
0x00007ffdc9ab0000 - 0x00007ffdc9afc000 	C:\WINDOWS\System32\powrprof.dll
0x00007ffdc9b00000 - 0x00007ffdc9b0a000 	C:\WINDOWS\System32\FLTLIB.DLL
0x00007ffdbae90000 - 0x00007ffdbae99000 	C:\Program Files\Java\jre1.8.0_201\bin\dt_socket.dll
0x00007ffdbabe0000 - 0x00007ffdbabf6000 	C:\WINDOWS\system32\napinsp.dll
0x00007ffdbadc0000 - 0x00007ffdbadda000 	C:\WINDOWS\system32\pnrpnsp.dll
0x00007ffdc7610000 - 0x00007ffdc7629000 	C:\WINDOWS\system32\NLAapi.dll
0x00007ffdc9330000 - 0x00007ffdc9396000 	C:\WINDOWS\System32\mswsock.dll
0x00007ffdc90f0000 - 0x00007ffdc91ae000 	C:\WINDOWS\SYSTEM32\DNSAPI.dll
0x00007ffdcd480000 - 0x00007ffdcd488000 	C:\WINDOWS\System32\NSI.dll
0x00007ffdc90b0000 - 0x00007ffdc90e8000 	C:\WINDOWS\SYSTEM32\IPHLPAPI.DLL
0x00007ffdbade0000 - 0x00007ffdbadee000 	C:\WINDOWS\System32\winrnr.dll
0x00007ffdc3b80000 - 0x00007ffdc3b95000 	C:\WINDOWS\System32\wshbth.dll
0x00007ffdc5110000 - 0x00007ffdc5182000 	C:\WINDOWS\System32\fwpuclnt.dll
0x00007ffdc9610000 - 0x00007ffdc9635000 	C:\WINDOWS\SYSTEM32\bcrypt.dll
0x00007ffdbf780000 - 0x00007ffdbf78a000 	C:\Windows\System32\rasadhlp.dll
0x00007ffdc4720000 - 0x00007ffdc472d000 	C:\Program Files\Java\jre1.8.0_201\bin\management.dll
0x00007ffdb48b0000 - 0x00007ffdb48ca000 	C:\Program Files\Java\jre1.8.0_201\bin\net.dll
0x00007ffdbc1c0000 - 0x00007ffdbc388000 	C:\WINDOWS\SYSTEM32\urlmon.dll
0x00007ffdbc580000 - 0x00007ffdbc825000 	C:\WINDOWS\SYSTEM32\iertutil.dll
0x00007ffdc9500000 - 0x00007ffdc950b000 	C:\WINDOWS\SYSTEM32\CRYPTBASE.DLL
0x00007ffdb44a0000 - 0x00007ffdb44b1000 	C:\Program Files\Java\jre1.8.0_201\bin\nio.dll
0x00007ffdc94e0000 - 0x00007ffdc94f7000 	C:\WINDOWS\SYSTEM32\CRYPTSP.dll
0x00007ffdc8eb0000 - 0x00007ffdc8ee3000 	C:\WINDOWS\system32\rsaenh.dll
0x00007ffdc99e0000 - 0x00007ffdc9a08000 	C:\WINDOWS\SYSTEM32\USERENV.dll
0x00007ffdc5470000 - 0x00007ffdc5486000 	C:\WINDOWS\SYSTEM32\dhcpcsvc6.DLL
0x00007ffdc53d0000 - 0x00007ffdc53ea000 	C:\WINDOWS\SYSTEM32\dhcpcsvc.DLL
0x00007ffdb6400000 - 0x00007ffdb6424000 	C:\Program Files\Java\jre1.8.0_201\bin\sunec.dll
0x00007ffdc7730000 - 0x00007ffdc773b000 	C:\Program Files\Java\jre1.8.0_201\bin\sunmscapi.dll
0x00007ffdc9bf0000 - 0x00007ffdc9dd2000 	C:\WINDOWS\System32\CRYPT32.dll
0x00007ffdc9b30000 - 0x00007ffdc9b42000 	C:\WINDOWS\System32\MSASN1.dll

VM Arguments:
jvm_args: -agentlib:jdwp=transport=dt_socket,suspend=y,address=localhost:64059 -javaagent:D:\Program Files\sts-bundle\sts-3.9.6.RELEASE\configuration\org.eclipse.osgi\324\0\.cp\lib\javaagent-shaded.jar -Dfile.encoding=UTF-8 
java_command: com.desenv.arpia.ArpiadApplication
java_class_path (initial): D:\Workspace\arpiad\target\classes;C:\Users\diego.santos\.m2\repository\org\springframework\boot\spring-boot-starter-data-jpa\2.1.1.RELEASE\spring-boot-starter-data-jpa-2.1.1.RELEASE.jar;C:\Users\diego.santos\.m2\repository\org\springframework\boot\spring-boot-starter-aop\2.1.1.RELEASE\spring-boot-starter-aop-2.1.1.RELEASE.jar;C:\Users\diego.santos\.m2\repository\org\springframework\spring-aop\5.1.3.RELEASE\spring-aop-5.1.3.RELEASE.jar;C:\Users\diego.santos\.m2\repository\org\aspectj\aspectjweaver\1.9.2\aspectjweaver-1.9.2.jar;C:\Users\diego.santos\.m2\repository\org\springframework\boot\spring-boot-starter-jdbc\2.1.1.RELEASE\spring-boot-starter-jdbc-2.1.1.RELEASE.jar;C:\Users\diego.santos\.m2\repository\com\zaxxer\HikariCP\3.2.0\HikariCP-3.2.0.jar;C:\Users\diego.santos\.m2\repository\org\springframework\spring-jdbc\5.1.3.RELEASE\spring-jdbc-5.1.3.RELEASE.jar;C:\Users\diego.santos\.m2\repository\javax\transaction\javax.transaction-api\1.3\javax.transaction-api-1.3.jar;C:\Users\diego.santos\.m2\repository\javax\xml\bind\jaxb-api\2.3.1\jaxb-api-2.3.1.jar;C:\Users\diego.santos\.m2\repository\javax\activation\javax.activation-api\1.2.0\javax.activation-api-1.2.0.jar;C:\Users\diego.santos\.m2\repository\org\hibernate\hibernate-core\5.3.7.Final\hibernate-core-5.3.7.Final.jar;C:\Users\diego.santos\.m2\repository\org\jboss\logging\jboss-logging\3.3.2.Final\jboss-logging-3.3.2.Final.jar;C:\Users\diego.santos\.m2\repository\javax\persistence\javax.persistence-api\2.2\javax.persistence-api-2.2.jar;C:\Users\diego.santos\.m2\repository\org\javassist\javassist\3.23.1-GA\javassist-3.23.1-GA.jar;C:\Users\diego.santos\.m2\repository\net\bytebuddy\byte-buddy\1.9.5\byte-buddy-1.9.5.jar;C:\Users\diego.santos\.m2\repository\antlr\antlr\2.7.7\antlr-2.7.7.jar;C:\Users\diego.santos\.m2\repository\org\jboss\jandex\2.0.5.Final\jandex-2.0.5.Final.jar;C:\Users\diego.santos\.m2\repository\com\fasterxml\classmate\1.4.0\classmate-1.4.0.jar;C:\Users\diego.santos\.m2\re
Launcher Type: SUN_STANDARD

Environment Variables:
JAVA_HOME=C:\Program Files\Java\jdk1.8.0_201\jre
CLASSPATH=.;
USERNAME=diego.santos
OS=Windows_NT
PROCESSOR_IDENTIFIER=Intel64 Family 6 Model 61 Stepping 4, GenuineIntel



---------------  S Y S T E M  ---------------

OS: Windows 10.0 , 64 bit Build 17134 (10.0.17134.1)

CPU:total 4 (initial active 4) (2 cores per cpu, 2 threads per core) family 6 model 61 stepping 4, cmov, cx8, fxsr, mmx, sse, sse2, sse3, ssse3, sse4.1, sse4.2, popcnt, avx, avx2, aes, clmul, erms, 3dnowpref, lzcnt, ht, tsc, tscinvbit, bmi1, bmi2, adx

Memory: 4k page, physical 8294076k(900004k free), swap 12439228k(26944k free)

vm_info: Java HotSpot(TM) 64-Bit Server VM (25.201-b09) for windows-amd64 JRE (1.8.0_201-b09), built on Dec 15 2018 18:36:39 by "java_re" with MS VC++ 10.0 (VS2010)

time: Wed Apr 24 09:55:38 2019
timezone: Hora Padrão da Bahia
elapsed time: 98 seconds (0d 0h 1m 38s)

